  Astar.cpp
d:\hoc tap\github\gameai\gameai-master\game multiplayer\astar.cpp(2): warning C4067: unexpected tokens following preprocessor directive - expected a newline
d:\hoc tap\github\gameai\gameai-master\game multiplayer\astar.h(11): warning C4067: unexpected tokens following preprocessor directive - expected a newline
d:\hoc tap\github\gameai\gameai-master\game multiplayer\astar.cpp(208): warning C4244: '=': conversion from 'double' to 'float', possible loss of data
d:\hoc tap\github\gameai\gameai-master\game multiplayer\astar.cpp(209): warning C4244: '=': conversion from 'double' to 'float', possible loss of data
d:\hoc tap\github\gameai\gameai-master\game multiplayer\astar.cpp(210): warning C4244: '=': conversion from 'double' to 'float', possible loss of data
d:\hoc tap\github\gameai\gameai-master\game multiplayer\astar.cpp(241): warning C4244: '=': conversion from 'float' to 'int', possible loss of data
d:\hoc tap\github\gameai\gameai-master\game multiplayer\astar.cpp(242): warning C4244: '=': conversion from 'float' to 'int', possible loss of data
d:\hoc tap\github\gameai\gameai-master\game multiplayer\astar.cpp(373): warning C4244: 'initializing': conversion from 'int' to 'float', possible loss of data
d:\hoc tap\github\gameai\gameai-master\game multiplayer\astar.cpp(744): warning C4244: '=': conversion from 'double' to 'float', possible loss of data
d:\hoc tap\github\gameai\gameai-master\game multiplayer\astar.cpp(745): warning C4244: '=': conversion from 'double' to 'float', possible loss of data
d:\hoc tap\github\gameai\gameai-master\game multiplayer\astar.cpp(746): warning C4244: '=': conversion from 'double' to 'float', possible loss of data
  NPC.cpp
d:\hoc tap\github\gameai\gameai-master\game multiplayer\astar.h(11): warning C4067: unexpected tokens following preprocessor directive - expected a newline
d:\hoc tap\github\gameai\gameai-master\game multiplayer\bullet.h(89): warning C4244: 'argument': conversion from 'FLOAT' to 'int', possible loss of data
d:\hoc tap\github\gameai\gameai-master\game multiplayer\bullet.h(100): warning C4244: 'argument': conversion from 'FLOAT' to 'int', possible loss of data
d:\hoc tap\github\gameai\gameai-master\game multiplayer\bullet.h(112): warning C4244: 'argument': conversion from 'FLOAT' to 'int', possible loss of data
d:\hoc tap\github\gameai\gameai-master\game multiplayer\bullet.h(123): warning C4244: 'argument': conversion from 'FLOAT' to 'int', possible loss of data
d:\hoc tap\github\gameai\gameai-master\game multiplayer\bullet.h(133): warning C4244: 'argument': conversion from 'FLOAT' to 'int', possible loss of data
d:\hoc tap\github\gameai\gameai-master\game multiplayer\npc.cpp(127): warning C4018: '<': signed/unsigned mismatch
d:\hoc tap\github\gameai\gameai-master\game multiplayer\npc.cpp(264): warning C4244: '=': conversion from 'FLOAT' to 'int', possible loss of data
d:\hoc tap\github\gameai\gameai-master\game multiplayer\npc.cpp(265): warning C4244: '=': conversion from 'FLOAT' to 'int', possible loss of data
d:\hoc tap\github\gameai\gameai-master\game multiplayer\npc.cpp(277): warning C4018: '<': signed/unsigned mismatch
d:\hoc tap\github\gameai\gameai-master\game multiplayer\npc.cpp(280): warning C4018: '<': signed/unsigned mismatch
d:\hoc tap\github\gameai\gameai-master\game multiplayer\npc.cpp(329): warning C4018: '>=': signed/unsigned mismatch
d:\hoc tap\github\gameai\gameai-master\game multiplayer\npc.cpp(356): warning C4018: '<': signed/unsigned mismatch
d:\hoc tap\github\gameai\gameai-master\game multiplayer\npc.cpp(388): warning C4018: '<': signed/unsigned mismatch
d:\hoc tap\github\gameai\gameai-master\game multiplayer\npc.cpp(390): warning C4018: '<': signed/unsigned mismatch
d:\hoc tap\github\gameai\gameai-master\game multiplayer\npc.cpp(410): warning C4244: '=': conversion from 'FLOAT' to 'int', possible loss of data
d:\hoc tap\github\gameai\gameai-master\game multiplayer\npc.cpp(411): warning C4244: '=': conversion from 'FLOAT' to 'int', possible loss of data
d:\hoc tap\github\gameai\gameai-master\game multiplayer\npc.cpp(451): warning C4018: '>=': signed/unsigned mismatch
d:\hoc tap\github\gameai\gameai-master\game multiplayer\npc.cpp(495): warning C4244: 'argument': conversion from 'FLOAT' to 'int', possible loss of data
d:\hoc tap\github\gameai\gameai-master\game multiplayer\npc.cpp(496): warning C4244: 'argument': conversion from 'FLOAT' to 'int', possible loss of data
d:\hoc tap\github\gameai\gameai-master\game multiplayer\npc.cpp(619): warning C4244: '=': conversion from 'FLOAT' to 'int', possible loss of data
d:\hoc tap\github\gameai\gameai-master\game multiplayer\npc.cpp(620): warning C4244: '=': conversion from 'FLOAT' to 'int', possible loss of data
d:\hoc tap\github\gameai\gameai-master\game multiplayer\npc.cpp(662): warning C4018: '>=': signed/unsigned mismatch
d:\hoc tap\github\gameai\gameai-master\game multiplayer\npc.cpp(674): warning C4244: '=': conversion from 'FLOAT' to 'int', possible loss of data
d:\hoc tap\github\gameai\gameai-master\game multiplayer\npc.cpp(675): warning C4244: '=': conversion from 'FLOAT' to 'int', possible loss of data
d:\hoc tap\github\gameai\gameai-master\game multiplayer\npc.cpp(677): warning C4101: 'bottom': unreferenced local variable
d:\hoc tap\github\gameai\gameai-master\game multiplayer\npc.cpp(677): warning C4101: 'left': unreferenced local variable
d:\hoc tap\github\gameai\gameai-master\game multiplayer\npc.cpp(677): warning C4101: 'top': unreferenced local variable
d:\hoc tap\github\gameai\gameai-master\game multiplayer\npc.cpp(677): warning C4101: 'right': unreferenced local variable
  Generating Code...
d:\hoc tap\github\gameai\gameai-master\game multiplayer\astar.cpp(109): warning C4715: 'Astar::makePath': not all control paths return a value
  Game Multiplayer.vcxproj -> D:\Hoc Tap\Github\GameAI\GameAI-master\Debug\Client.exe
